<?xml version="1.0" encoding="UTF-8"?>
<testsuite name="practical1.NumberToolsTest" tests="2" skipped="0" failures="0" errors="0" timestamp="2025-09-30T14:52:11.909Z" hostname="LSGPC" time="0.083">
  <properties/>
  <testcase name="testParse" classname="practical1.NumberToolsTest" time="0.032"/>
  <testcase name="testComputeStatistic" classname="practical1.NumberToolsTest" time="0.048"/>
  <system-out><![CDATA[]]></system-out>
  <system-err><![CDATA[]]></system-err>
</testsuite>
